<?xml version="1.0" encoding="UTF-8"?>
<testng-results ignored="0" total="1" passed="1" failed="0" skipped="0">
  <reporter-output>
  </reporter-output>
  <suite started-at="2025-05-29T10:32:41 ICT" name="DSB Automation Testing" finished-at="2025-05-29T10:32:53 ICT" duration-ms="12622">
    <groups>
    </groups>
    <test started-at="2025-05-29T10:32:41 ICT" name="Run on Chrome" finished-at="2025-05-29T10:32:53 ICT" duration-ms="12622">
      <class name="Testcases.Login">
        <test-method is-config="true" signature="setupLogging()[pri:0, instance:Testcases.Login@68567e20]" started-at="2025-05-29T10:32:41 ICT" name="setupLogging" finished-at="2025-05-29T10:32:41 ICT" duration-ms="9" status="PASS">
          <reporter-output>
          </reporter-output>
        </test-method> <!-- setupLogging -->
        <test-method is-config="true" signature="before()[pri:0, instance:Testcases.Login@68567e20]" started-at="2025-05-29T10:32:41 ICT" name="before" finished-at="2025-05-29T10:32:49 ICT" duration-ms="8435" status="PASS">
          <reporter-output>
          </reporter-output>
        </test-method> <!-- before -->
        <test-method signature="TC01_Login(java.lang.reflect.Method)[pri:0, instance:Testcases.Login@68567e20]" started-at="2025-05-29T10:32:49 ICT" name="TC01_Login" finished-at="2025-05-29T10:32:53 ICT" duration-ms="4149" status="PASS">
          <params>
            <param index="0">
              <value>
                <![CDATA[public void Testcases.Login.TC01_Login(java.lang.reflect.Method) throws java.lang.InterruptedException]]>
              </value>
            </param>
          </params>
          <reporter-output>
          </reporter-output>
        </test-method> <!-- TC01_Login -->
      </class> <!-- Testcases.Login -->
    </test> <!-- Run on Chrome -->
  </suite> <!-- DSB Automation Testing -->
</testng-results>
